<?xml version="1.0" encoding="UTF-8"?>
<!-- Generated by org.testng.reporters.JUnitReportReporter -->
<testsuite hostname="SureshVeerappan.home" failures="0" tests="1" name="com.rest.assured.JobsApiV2" time="1.789" errors="0" timestamp="2022-03-10T10:35:07 EST" skipped="0">
  <testcase classname="com.rest.assured.JobsApiV2" name="deleteJob" time="1.789"/>
  <system-out/>
</testsuite> <!-- com.rest.assured.JobsApiV2 -->
