<?xml version="1.0" encoding="UTF-8"?>
<!-- Generated by org.testng.reporters.JUnitReportReporter -->
<testsuite hostname="SureshVeerappan.home" failures="0" tests="7" name="com.rest.assured.JobsApi" time="4.191" errors="0" timestamp="2022-03-07T12:10:52 EST" skipped="0">
  <testcase classname="com.rest.assured.JobsApi" name="putJobNonExistingId" time="0.162"/>
  <system-out/>
  <testcase classname="com.rest.assured.JobsApi" name="postjob" time="0.218"/>
  <system-out/>
  <testcase classname="com.rest.assured.JobsApi" name="getall" time="1.462"/>
  <system-out/>
  <testcase classname="com.rest.assured.JobsApi" name="deleteJob" time="1.745"/>
  <system-out/>
  <testcase classname="com.rest.assured.JobsApi" name="deleteNonExistingJob" time="0.204"/>
  <system-out/>
  <testcase classname="com.rest.assured.JobsApi" name="postjobExistingId" time="0.147"/>
  <system-out/>
  <testcase classname="com.rest.assured.JobsApi" name="putJob" time="0.253"/>
  <system-out/>
</testsuite> <!-- com.rest.assured.JobsApi -->
