<?xml version="1.0" encoding="UTF-8"?>
<!-- Generated by org.testng.reporters.JUnitReportReporter -->
<testsuite hostname="SureshVeerappan.home" failures="0" tests="4" name="com.rest.assured.JobsDelete" time="0.913" errors="0" timestamp="2022-03-29T23:27:43 EDT" skipped="0">
  <testcase classname="com.rest.assured.JobsDelete" name="deleteJob" time="0.165"/>
  <system-out/>
  <testcase classname="com.rest.assured.JobsDelete" name="deleteJob" time="0.265"/>
  <system-out/>
  <testcase classname="com.rest.assured.JobsDelete" name="deleteJob" time="0.268"/>
  <system-out/>
  <testcase classname="com.rest.assured.JobsDelete" name="deleteJob" time="0.215"/>
  <system-out/>
</testsuite> <!-- com.rest.assured.JobsDelete -->
