<?xml version="1.0" encoding="UTF-8"?>
<!-- Generated by org.testng.reporters.JUnitReportReporter -->
<testsuite hostname="SureshVeerappan.home" failures="0" tests="2" name="Utils.ExcelDataProvider" time="2.266" errors="0" timestamp="2022-03-10T10:35:47 EST" skipped="0">
  <testcase classname="Utils.ExcelDataProvider" name="testData" time="0.310"/>
  <system-out/>
  <testcase classname="Utils.ExcelDataProvider" name="testData" time="1.956"/>
  <system-out/>
</testsuite> <!-- Utils.ExcelDataProvider -->
